生成启动时间为 2016/11/2 16:36:09。
     1>项目“F:\VSProjects\模仿学习做证明题\模仿学习做证明题\模仿学习做证明题.vcxproj”在节点 2 上(Build 个目标)。
     1>ClCompile:
         D:\Program Files (x86)\Microsoft Visual Studio 14.0\VC\bin\CL.exe /c /Zi /nologo /W3 /WX- /sdl /O2 /Oi /Oy- /GL /D WIN32 /D NDEBUG /D _CONSOLE /D _UNICODE /D UNICODE /Gm- /EHsc /MD /GS /Gy /fp:precise /Zc:wchar_t /Zc:forScope /Zc:inline /Yc"stdafx.h" /Fp"Release\模仿学习做证明题.pch" /Fo"Release\\" /Fd"Release\vc140.pdb" /Gd /TP /analyze- /errorReport:prompt stdafx.cpp
         stdafx.cpp
         D:\Program Files (x86)\Microsoft Visual Studio 14.0\VC\bin\CL.exe /c /Zi /nologo /W3 /WX- /sdl /O2 /Oi /Oy- /GL /D WIN32 /D NDEBUG /D _CONSOLE /D _UNICODE /D UNICODE /Gm- /EHsc /MD /GS /Gy /fp:precise /Zc:wchar_t /Zc:forScope /Zc:inline /Yu"stdafx.h" /Fp"Release\模仿学习做证明题.pch" /Fo"Release\\" /Fd"Release\vc140.pdb" /Gd /TP /analyze- /errorReport:prompt "模仿学习做证明题.cpp"
         模仿学习做证明题.cpp
     1>模仿学习做证明题.cpp(103): warning C4018: “<”: 有符号/无符号不匹配
     1>模仿学习做证明题.cpp(123): warning C4018: “<”: 有符号/无符号不匹配
     1>模仿学习做证明题.cpp(135): warning C4018: “<”: 有符号/无符号不匹配
     1>模仿学习做证明题.cpp(156): warning C4018: “<”: 有符号/无符号不匹配
     1>模仿学习做证明题.cpp(157): warning C4018: “<”: 有符号/无符号不匹配
     1>模仿学习做证明题.cpp(411): warning C4018: “<”: 有符号/无符号不匹配
     1>模仿学习做证明题.cpp(428): warning C4018: “<”: 有符号/无符号不匹配
     1>模仿学习做证明题.cpp(442): warning C4018: “<”: 有符号/无符号不匹配
     1>模仿学习做证明题.cpp(606): warning C4018: “<”: 有符号/无符号不匹配
     1>模仿学习做证明题.cpp(625): warning C4018: “<”: 有符号/无符号不匹配
       Link:
         D:\Program Files (x86)\Microsoft Visual Studio 14.0\VC\bin\link.exe /ERRORREPORT:PROMPT /OUT:"F:\VSProjects\模仿学习做证明题\Release\模仿学习做证明题.exe" /INCREMENTAL:NO /NOLOGO kernel32.lib user32.lib gdi32.lib winspool.lib comdlg32.lib advapi32.lib shell32.lib ole32.lib oleaut32.lib uuid.lib odbc32.lib odbccp32.lib /MANIFEST /MANIFESTUAC:"level='asInvoker' uiAccess='false'" /manifest:embed /Debug /PDB:"F:\VSProjects\模仿学习做证明题\Release\模仿学习做证明题.pdb" /SUBSYSTEM:CONSOLE /OPT:REF /OPT:ICF /LTCG:incremental /TLBID:1 /DYNAMICBASE /NXCOMPAT /IMPLIB:"F:\VSProjects\模仿学习做证明题\Release\模仿学习做证明题.lib" /MACHINE:X86 /SAFESEH Release\stdafx.obj
         "Release\模仿学习做证明题.obj"
         正在生成代码
     1>f:\vsprojects\模仿学习做证明题\模仿学习做证明题\模仿学习做证明题.cpp(456): warning C4715: “RecordCommand”: 不是所有的控件路径都返回值
         All 685 functions were compiled because no usable IPDB/IOBJ from previous compilation was found.
         已完成代码的生成
         模仿学习做证明题.vcxproj -> F:\VSProjects\模仿学习做证明题\Release\模仿学习做证明题.exe
     1>已完成生成项目“F:\VSProjects\模仿学习做证明题\模仿学习做证明题\模仿学习做证明题.vcxproj”(Build 个目标)的操作。

已成功生成。

已用时间 00:00:15.33
