生成启动时间为 2018/3/14 12:02:23。
     1>项目“F:\VSProjects\控制信号\控制信号\控制信号.vcxproj”在节点 2 上(Build 个目标)。
     1>ClCompile:
         D:\Program Files (x86)\Microsoft Visual Studio 14.0\VC\bin\CL.exe /c /ZI /nologo /W3 /WX- /sdl /Od /Oy- /D WIN32 /D _DEBUG /D _CONSOLE /D _UNICODE /D UNICODE /D _CRT_SECURE_NO_WARNINGS /Gm /EHsc /RTC1 /MDd /GS /fp:precise /Zc:wchar_t /Zc:forScope /Zc:inline /Yu"stdafx.h" /Fp"Debug\控制信号.pch" /Fo"Debug\\" /Fd"Debug\vc140.pdb" /Gd /TP /analyze- /errorReport:prompt "控制信号.cpp"
         控制信号.cpp
     1>f:\vsprojects\控制信号\控制信号\strsplit.h(10): warning C4018: “<”: 有符号/无符号不匹配
     1>f:\vsprojects\控制信号\控制信号\strsplit.h(38): warning C4018: “<=”: 有符号/无符号不匹配
     1>f:\vsprojects\控制信号\控制信号\strsplit.h(49): warning C4018: “<”: 有符号/无符号不匹配
     1>f:\vsprojects\控制信号\控制信号\getindex.h(10): warning C4018: “<”: 有符号/无符号不匹配
     1>f:\vsprojects\控制信号\控制信号\控制信号.cpp(26): warning C4018: “<”: 有符号/无符号不匹配
     1>f:\vsprojects\控制信号\控制信号\控制信号.cpp(179): warning C4018: “<”: 有符号/无符号不匹配
     1>f:\vsprojects\控制信号\控制信号\控制信号.cpp(190): warning C4018: “<”: 有符号/无符号不匹配
     1>f:\vsprojects\控制信号\控制信号\控制信号.cpp(296): warning C4018: “<”: 有符号/无符号不匹配
     1>f:\vsprojects\控制信号\控制信号\控制信号.cpp(344): warning C4244: “参数”: 从“long”转换到“const short”，可能丢失数据
     1>f:\vsprojects\控制信号\控制信号\控制信号.cpp(382): warning C4018: “<”: 有符号/无符号不匹配
     1>f:\vsprojects\控制信号\控制信号\控制信号.cpp(400): warning C4018: “<”: 有符号/无符号不匹配
     1>f:\vsprojects\控制信号\控制信号\控制信号.cpp(408): warning C4018: “<”: 有符号/无符号不匹配
     1>f:\vsprojects\控制信号\控制信号\控制信号.cpp(509): warning C4018: “<”: 有符号/无符号不匹配
     1>f:\vsprojects\控制信号\控制信号\控制信号.cpp(581): warning C4018: “<”: 有符号/无符号不匹配
     1>f:\vsprojects\控制信号\控制信号\控制信号.cpp(601): warning C4244: “初始化”: 从“double”转换到“int”，可能丢失数据
     1>f:\vsprojects\控制信号\控制信号\控制信号.cpp(606): warning C4018: “<”: 有符号/无符号不匹配
     1>f:\vsprojects\控制信号\控制信号\控制信号.cpp(136): warning C4172: 返回局部变量或临时变量的地址: returning
     1>f:\vsprojects\控制信号\控制信号\控制信号.cpp(244): warning C4715: “getNameOfBasicFunction”: 不是所有的控件路径都返回值
     1>f:\vsprojects\控制信号\控制信号\控制信号.cpp(333): warning C4715: “Function::execute”: 不是所有的控件路径都返回值
     1>f:\vsprojects\控制信号\控制信号\控制信号.cpp(503): warning C4715: “Sentence::execute”: 不是所有的控件路径都返回值
       Link:
         D:\Program Files (x86)\Microsoft Visual Studio 14.0\VC\bin\link.exe /ERRORREPORT:PROMPT /OUT:"F:\VSProjects\控制信号\Debug\控制信号.exe" /INCREMENTAL /NOLOGO kernel32.lib user32.lib gdi32.lib winspool.lib comdlg32.lib advapi32.lib shell32.lib ole32.lib oleaut32.lib uuid.lib odbc32.lib odbccp32.lib /MANIFEST /MANIFESTUAC:"level='asInvoker' uiAccess='false'" /manifest:embed /Debug /PDB:"F:\VSProjects\控制信号\Debug\控制信号.pdb" /SUBSYSTEM:CONSOLE /TLBID:1 /DYNAMICBASE /NXCOMPAT /IMPLIB:"F:\VSProjects\控制信号\Debug\控制信号.lib" /MACHINE:X86 Debug\stdafx.obj
         "Debug\控制信号.obj"
         控制信号.vcxproj -> F:\VSProjects\控制信号\Debug\控制信号.exe
     1>已完成生成项目“F:\VSProjects\控制信号\控制信号\控制信号.vcxproj”(Build 个目标)的操作。

已成功生成。

已用时间 00:00:02.61
